<?xml version="1.0" encoding="UTF-8"?>
<!-- Generated by org.testng.reporters.JUnitXMLReporter -->
<testsuite hostname="MC0Y6RJC" ignored="0" name="Test" tests="3" failures="0" timestamp="28 Feb 2018 12:46:21 GMT" time="67.242" errors="0">
  <testcase name="login" time="10.648" classname="codeBase.TestScript.MainScript"/>
  <testcase name="addToCart" time="19.773" classname="codeBase.TestScript.MainScript"/>
  <testcase name="deleteFromCart" time="11.321" classname="codeBase.TestScript.MainScript"/>
</testsuite> <!-- Test -->
