<?xml version="1.0" encoding="UTF-8"?>
<testng-results skipped="0" failed="0" ignored="0" total="3" passed="3">
  <reporter-output>
  </reporter-output>
  <suite name="Suite" duration-ms="67242" started-at="2018-02-28T12:45:13Z" finished-at="2018-02-28T12:46:20Z">
    <groups>
    </groups>
    <test name="Test" duration-ms="67242" started-at="2018-02-28T12:45:13Z" finished-at="2018-02-28T12:46:20Z">
      <class name="codeBase.TestScript.MainScript">
        <test-method status="PASS" signature="launchBrowser(java.lang.String)[pri:0, instance:codeBase.TestScript.MainScript@40ef3420]" name="launchBrowser" is-config="true" duration-ms="25257" started-at="2018-02-28T18:15:13Z" finished-at="2018-02-28T18:15:38Z">
          <params>
            <param index="0">
              <value>
                <![CDATA[CHROME]]>
              </value>
            </param>
          </params>
          <reporter-output>
          </reporter-output>
        </test-method> <!-- launchBrowser -->
        <test-method status="PASS" signature="login()[pri:0, instance:codeBase.TestScript.MainScript@40ef3420]" name="login" duration-ms="10648" started-at="2018-02-28T18:15:38Z" finished-at="2018-02-28T18:15:49Z">
          <reporter-output>
          </reporter-output>
        </test-method> <!-- login -->
        <test-method status="PASS" signature="addToCart()[pri:1, instance:codeBase.TestScript.MainScript@40ef3420]" name="addToCart" duration-ms="19773" started-at="2018-02-28T18:15:49Z" finished-at="2018-02-28T18:16:09Z">
          <reporter-output>
          </reporter-output>
        </test-method> <!-- addToCart -->
        <test-method status="PASS" signature="deleteFromCart()[pri:2, instance:codeBase.TestScript.MainScript@40ef3420]" name="deleteFromCart" duration-ms="11321" started-at="2018-02-28T18:16:09Z" finished-at="2018-02-28T18:16:20Z">
          <reporter-output>
          </reporter-output>
        </test-method> <!-- deleteFromCart -->
        <test-method status="PASS" signature="afterTest()[pri:0, instance:codeBase.TestScript.MainScript@40ef3420]" name="afterTest" is-config="true" duration-ms="211" started-at="2018-02-28T18:16:20Z" finished-at="2018-02-28T18:16:20Z">
          <reporter-output>
          </reporter-output>
        </test-method> <!-- afterTest -->
      </class> <!-- codeBase.TestScript.MainScript -->
    </test> <!-- Test -->
  </suite> <!-- Suite -->
</testng-results>
